<?xml version="1.0" encoding="UTF-8"?>
<!-- Generated by org.testng.reporters.JUnitXMLReporter -->
<testsuite ignored="0" hostname="DESKTOP-HJ68RE7" failures="0" tests="7" name="mytests" time="20.41" errors="0" timestamp="2025-04-07T14:05:50 IST">
  <testcase classname="testng_programs.OrangeHRM" name="openApp" time="14.594"/>
  <testcase classname="testng_programs.OrangeHRM" name="testLogo" time="5.115"/>
  <testcase classname="testng_programs.OrangeHRM" name="login" time="0.38"/>
  <testcase classname="testng_programs.OrangeHRM" name="closeApp" time="0.183"/>
  <testcase classname="testng_programs.FirstTestNgProgram" name="login" time="0.003"/>
  <testcase classname="testng_programs.FirstTestNgProgram" name="logout" time="0.004"/>
  <testcase classname="testng_programs.FirstTestNgProgram" name="openApp" time="0.004"/>
</testsuite> <!-- mytests -->
