<?xml version="1.0" encoding="UTF-8"?>
<!-- Generated by org.testng.reporters.JUnitXMLReporter -->
<testsuite ignored="0" hostname="DESKTOP-HJ68RE7" failures="0" tests="9" name="Surefire test" time="0.124" errors="0" timestamp="2025-04-23T13:51:50 IST">
  <testcase classname="testng_programs.LoginTests" name="loginByEmail" time="0.008"/>
  <testcase classname="testng_programs.LoginTests" name="loginByOTP" time="0.002"/>
  <testcase classname="testng_programs.LoginTests" name="loginByFacebook" time="0.001"/>
  <testcase classname="testng_programs.PaymentTests" name="payByCard" time="0.002"/>
  <testcase classname="testng_programs.PaymentTests" name="payByCOD" time="0.002"/>
  <testcase classname="testng_programs.PaymentTests" name="payByUPI" time="0.001"/>
  <testcase classname="testng_programs.SignupTests" name="signUpByEmail" time="0.001"/>
  <testcase classname="testng_programs.SignupTests" name="signUpByOTP" time="0.001"/>
  <testcase classname="testng_programs.SignupTests" name="signUpByFacebook" time="0.001"/>
</testsuite> <!-- Surefire test -->
