<?xml version="1.0" encoding="UTF-8"?>
<!-- Generated by org.testng.reporters.JUnitXMLReporter -->
<testsuite ignored="6" hostname="DESKTOP-HJ68RE7" failures="0" tests="3" name="groupingtests" time="0.106" errors="0" timestamp="2025-04-07T18:31:45 IST">
  <testcase classname="testng_programs.PaymentTests" name="payByCard" time="0.016"/>
  <testcase classname="testng_programs.PaymentTests" name="payByCOD" time="0.002"/>
  <testcase classname="testng_programs.PaymentTests" name="payByUPI" time="0.002"/>
  <testcase classname="testng_programs.LoginTests" name="loginByOTP" time="0.0">
    <ignored/>
  </testcase> <!-- loginByOTP -->
  <testcase classname="testng_programs.SignupTests" name="signUpByFacebook" time="0.0">
    <ignored/>
  </testcase> <!-- signUpByFacebook -->
  <testcase classname="testng_programs.LoginTests" name="loginByEmail" time="0.0">
    <ignored/>
  </testcase> <!-- loginByEmail -->
  <testcase classname="testng_programs.LoginTests" name="loginByFacebook" time="0.0">
    <ignored/>
  </testcase> <!-- loginByFacebook -->
  <testcase classname="testng_programs.SignupTests" name="signUpByEmail" time="0.0">
    <ignored/>
  </testcase> <!-- signUpByEmail -->
  <testcase classname="testng_programs.SignupTests" name="signUpByOTP" time="0.0">
    <ignored/>
  </testcase> <!-- signUpByOTP -->
</testsuite> <!-- groupingtests -->
