<?xml version="1.0" encoding="UTF-8"?>
<!-- Generated by org.testng.reporters.JUnitXMLReporter -->
<testsuite ignored="0" hostname="DESKTOP-HJ68RE7" failures="0" tests="3" name="edgetest" time="14.784" errors="0" timestamp="2025-04-08T18:39:17 IST">
  <testcase classname="testng_programs.ParallelTestingDemo" name="testlogo" time="0.244"/>
  <testcase classname="testng_programs.ParallelTestingDemo" name="testTitle" time="0.045"/>
  <testcase classname="testng_programs.ParallelTestingDemo" name="testurl" time="0.047"/>
</testsuite> <!-- edgetest -->
