<?xml version="1.0" encoding="UTF-8"?>
<!-- Generated by org.testng.reporters.JUnitXMLReporter -->
<testsuite ignored="0" hostname="DESKTOP-HJ68RE7" failures="0" tests="3" name="firefoxtest" time="21.118" errors="0" timestamp="2025-04-08T18:39:23 IST">
  <testcase classname="testng_programs.ParallelTestingDemo" name="testlogo" time="0.09"/>
  <testcase classname="testng_programs.ParallelTestingDemo" name="testTitle" time="0.012"/>
  <testcase classname="testng_programs.ParallelTestingDemo" name="testurl" time="0.007"/>
</testsuite> <!-- firefoxtest -->
