<?xml version="1.0" encoding="UTF-8"?>
<!-- Generated by org.testng.reporters.JUnitXMLReporter -->
<testsuite ignored="0" hostname="DESKTOP-HJ68RE7" failures="0" tests="3" name="parallel" time="11.968" errors="0" timestamp="2025-04-08T18:13:06 IST">
  <testcase classname="testng_programs.ParallelTestingDemo" name="testlogo" time="0.059"/>
  <testcase classname="testng_programs.ParallelTestingDemo" name="testTitle" time="0.012"/>
  <testcase classname="testng_programs.ParallelTestingDemo" name="testurl" time="0.012"/>
</testsuite> <!-- parallel -->
